11/23/2017 1:33:54 PM	This log contains information about the import schema operation into project 'NorthWind1.3' on computer 'EPBYMINW1959' by user 'Pavel_Yakimovich'.
11/23/2017 1:33:54 PM	Import of database schema has started.
11/23/2017 1:34:00 PM	Gathering database options
11/23/2017 1:34:00 PM	Gathering users
11/23/2017 1:34:00 PM	Gathering roles
11/23/2017 1:34:00 PM	Gathering application roles
11/23/2017 1:34:00 PM	Gathering role memberships
11/23/2017 1:34:00 PM	Gathering filegroups
11/23/2017 1:34:00 PM	Gathering full-text catalogs
11/23/2017 1:34:00 PM	Gathering assemblies
11/23/2017 1:34:00 PM	Gathering certificates
11/23/2017 1:34:00 PM	Gathering asymmetric keys
11/23/2017 1:34:00 PM	Gathering symmetric keys
11/23/2017 1:34:00 PM	Gathering encrypted symmetric keys
11/23/2017 1:34:00 PM	Gathering schemas
11/23/2017 1:34:01 PM	Gathering XML schema collections
11/23/2017 1:34:01 PM	Gathering user-defined data types
11/23/2017 1:34:01 PM	Gathering user-defined types
11/23/2017 1:34:01 PM	Gathering table types
11/23/2017 1:34:01 PM	Gathering unique keys for table types
11/23/2017 1:34:01 PM	Gathering primary keys for table types
11/23/2017 1:34:01 PM	Gathering indexes for table types
11/23/2017 1:34:01 PM	Gathering check constraints for table types
11/23/2017 1:34:01 PM	Gathering default constraints for table types
11/23/2017 1:34:01 PM	Gathering partition functions
11/23/2017 1:34:01 PM	Gathering partition schemes
11/23/2017 1:34:01 PM	Gathering functions
11/23/2017 1:34:01 PM	Gathering encrypted functions
11/23/2017 1:34:01 PM	Gathering aggregates
11/23/2017 1:34:01 PM	Gathering procedures
11/23/2017 1:34:01 PM	Gathering encrypted procedures
11/23/2017 1:34:01 PM	Gathering tables
11/23/2017 1:34:01 PM	Gathering primary keys
11/23/2017 1:34:01 PM	Gathering unique constraints
11/23/2017 1:34:01 PM	Gathering foreign keys
11/23/2017 1:34:01 PM	Gathering default constraints
11/23/2017 1:34:01 PM	Gathering check constraints
11/23/2017 1:34:01 PM	Gathering views
11/23/2017 1:34:01 PM	Gathering encrypted views
11/23/2017 1:34:01 PM	Gathering indexes
11/23/2017 1:34:01 PM	Gathering statistics
11/23/2017 1:34:01 PM	Gathering full-text index stoplists
11/23/2017 1:34:01 PM	Gathering search property lists
11/23/2017 1:34:01 PM	Gathering search properties
11/23/2017 1:34:01 PM	Gathering full-text indexes
11/23/2017 1:34:01 PM	Gathering column store indexes
11/23/2017 1:34:01 PM	Gathering spatial indexes
11/23/2017 1:34:01 PM	Gathering XML indexes
11/23/2017 1:34:01 PM	Gathering Selective XML indexes
11/23/2017 1:34:01 PM	Gathering encrypted triggers
11/23/2017 1:34:01 PM	Gathering triggers
11/23/2017 1:34:01 PM	Gathering encrypted and clr ddl triggers
11/23/2017 1:34:01 PM	Gathering ddl triggers
11/23/2017 1:34:01 PM	Gathering synonyms
11/23/2017 1:34:01 PM	Gathering defaults
11/23/2017 1:34:01 PM	Gathering data constraint uddt bindings
11/23/2017 1:34:01 PM	Gathering rules
11/23/2017 1:34:01 PM	Gathering data constraint uddt bindings
11/23/2017 1:34:01 PM	Gathering message types
11/23/2017 1:34:01 PM	Gathering queues
11/23/2017 1:34:01 PM	Gathering contracts
11/23/2017 1:34:01 PM	Gathering services
11/23/2017 1:34:01 PM	Gathering event notifications
11/23/2017 1:34:01 PM	Gathering remote service bindings
11/23/2017 1:34:01 PM	Gathering broker priorities
11/23/2017 1:34:01 PM	Gathering signatures
11/23/2017 1:34:01 PM	Gathering data compression options
11/23/2017 1:34:01 PM	Gathering sequence types
11/23/2017 1:34:01 PM	Gathering database permissions
11/23/2017 1:34:01 PM	Gathering extended properties
11/23/2017 1:34:01 PM	Gathering credentials
11/23/2017 1:34:01 PM	Gathering logins
11/23/2017 1:34:01 PM	Gathering server audits
11/23/2017 1:34:02 PM	Scanning project for duplicate elements
11/23/2017 1:34:02 PM	Finished duplicate element processing
11/23/2017 1:34:03 PM	Finished importing database.
11/23/2017 1:34:03 PM	A summary of the import was saved to the following location: D:\Learning\.NET-Mentoring\Module7BasicSQL\NorthWind1.3\Import Schema Logs\NorthWind1.3_20171123103354.log
11/23/2017 1:34:03 PM	Click Finish to continue...
